--------------------------------------------------------------------------------
      name:  <unnamed>
       log:  C:\Users\ujbilgra\OneDrive - Syracuse University\Documents\GitHub\c
> ourse-project-taxes-tariffs\course-project-taxes-tariffs\log.log
  log type:  text
 opened on:   7 Nov 2024, 18:52:55

.  histogram vat if half == 0
(bin=32, start=.03298853, width=1.13385)

. graph export "C:\Users\ujbilgra\OneDrive - Syracuse University\Documents\GitHu
> b\course-project-taxes-tariffs\course-project-taxes-tariffs\secondhalf.png", a
> s(png) name("Graph")
(file C:\Users\ujbilgra\OneDrive - Syracuse University\Documents\GitHub\course-p
> roject-taxes-tariffs\course-project-taxes-tariffs\secondhalf.png written in PN
> G format)

. mean vat if half == 0

Mean estimation                   Number of obs   =      1,638

--------------------------------------------------------------
             |       Mean   Std. Err.     [95% Conf. Interval]
-------------+------------------------------------------------
         vat |   10.14307   .1262654      9.895408    10.39073
--------------------------------------------------------------

. exit, clear
